<?xml version="1.0" encoding="UTF-8"?>
<testng-results skipped="0" failed="0" ignored="0" total="2" passed="2">
  <reporter-output>
    <line>
      <![CDATA[User is redirected to Flight Finder page <br>]]>
    </line>
    <line>
      <![CDATA[Flight Type: <b>roundtrip</b>]]>
    </line>
    <line>
      <![CDATA[Number of Passengers: <b>2</b>]]>
    </line>
    <line>
      <![CDATA[Departing From: <b>London</b>]]>
    </line>
    <line>
      <![CDATA[Departing Month: <b>November</b>]]>
    </line>
    <line>
      <![CDATA[Departing Date: <b>18</b>]]>
    </line>
    <line>
      <![CDATA[Arriving In: <b>Sydney</b>]]>
    </line>
    <line>
      <![CDATA[Returning Month: <b>March</b>]]>
    </line>
    <line>
      <![CDATA[Returning Date City: <b>5</b>]]>
    </line>
    <line>
      <![CDATA[Airline: <b>Unified Airlines</b>]]>
    </line>
    <line>
      <![CDATA[Service Class: <b>Business</b><br>]]>
    </line>
    <line>
      <![CDATA[Departure and arrival flights are displayed to the user]]>
    </line>
    <line>
      <![CDATA[User is redirected to Flight Finder page <br>]]>
    </line>
    <line>
      <![CDATA[Departure and arrival flights are displayed to the user <br>]]>
    </line>
    <line>
      <![CDATA[Departure Flight: <b>Unified Airlines</b><br>]]>
    </line>
    <line>
      <![CDATA[Return Flight: <b>Pangea Airlines</b><br>]]>
    </line>
    <line>
      <![CDATA[Payment page is displayed to the user<br>]]>
    </line>
    <line>
      <![CDATA[Flight confirmation details are displayed to the user]]>
    </line>
  </reporter-output>
  <suite name="New Tours Scenarios" duration-ms="26604" started-at="2018-07-26T17:08:14Z" finished-at="2018-07-26T17:08:41Z">
    <groups>
    </groups>
    <test name="To validate if available flights are displayed to the user" duration-ms="12759" started-at="2018-07-26T17:08:14Z" finished-at="2018-07-26T17:08:27Z">
      <class name="com.selenium.po.FindFlights">
        <test-method status="PASS" signature="setProperty()[pri:0, instance:com.selenium.po.FindFlights@74a10858]" name="setProperty" is-config="true" duration-ms="5948" started-at="2018-07-26T13:08:14Z" finished-at="2018-07-26T13:08:20Z">
          <reporter-output>
          </reporter-output>
        </test-method> <!-- setProperty -->
        <test-method status="PASS" signature="findFlights()[pri:0, instance:com.selenium.po.FindFlights@74a10858]" name="findFlights" duration-ms="5420" started-at="2018-07-26T13:08:20Z" finished-at="2018-07-26T13:08:26Z">
          <reporter-output>
            <line>
              <![CDATA[User is redirected to Flight Finder page <br>]]>
            </line>
            <line>
              <![CDATA[Flight Type: <b>roundtrip</b>]]>
            </line>
            <line>
              <![CDATA[Number of Passengers: <b>2</b>]]>
            </line>
            <line>
              <![CDATA[Departing From: <b>London</b>]]>
            </line>
            <line>
              <![CDATA[Departing Month: <b>November</b>]]>
            </line>
            <line>
              <![CDATA[Departing Date: <b>18</b>]]>
            </line>
            <line>
              <![CDATA[Arriving In: <b>Sydney</b>]]>
            </line>
            <line>
              <![CDATA[Returning Month: <b>March</b>]]>
            </line>
            <line>
              <![CDATA[Returning Date City: <b>5</b>]]>
            </line>
            <line>
              <![CDATA[Airline: <b>Unified Airlines</b>]]>
            </line>
            <line>
              <![CDATA[Service Class: <b>Business</b><br>]]>
            </line>
            <line>
              <![CDATA[Departure and arrival flights are displayed to the user]]>
            </line>
          </reporter-output>
        </test-method> <!-- findFlights -->
        <test-method status="PASS" signature="closeBrowser()[pri:0, instance:com.selenium.po.FindFlights@74a10858]" name="closeBrowser" is-config="true" duration-ms="1352" started-at="2018-07-26T13:08:26Z" finished-at="2018-07-26T13:08:27Z">
          <reporter-output>
          </reporter-output>
        </test-method> <!-- closeBrowser -->
      </class> <!-- com.selenium.po.FindFlights -->
    </test> <!-- To validate if available flights are displayed to the user -->
    <test name="To validate if user is successfully able to book round trip" duration-ms="13784" started-at="2018-07-26T17:08:27Z" finished-at="2018-07-26T17:08:41Z">
      <class name="com.selenium.po.RoundTrip">
        <test-method status="PASS" signature="setProperty()[pri:0, instance:com.selenium.po.RoundTrip@43a0cee9]" name="setProperty" is-config="true" duration-ms="3828" started-at="2018-07-26T13:08:27Z" finished-at="2018-07-26T13:08:31Z">
          <reporter-output>
          </reporter-output>
        </test-method> <!-- setProperty -->
        <test-method status="PASS" signature="roundTrip()[pri:0, instance:com.selenium.po.RoundTrip@43a0cee9]" name="roundTrip" duration-ms="8629" started-at="2018-07-26T13:08:31Z" finished-at="2018-07-26T13:08:40Z">
          <reporter-output>
            <line>
              <![CDATA[User is redirected to Flight Finder page <br>]]>
            </line>
            <line>
              <![CDATA[Departure and arrival flights are displayed to the user <br>]]>
            </line>
            <line>
              <![CDATA[Departure Flight: <b>Unified Airlines</b><br>]]>
            </line>
            <line>
              <![CDATA[Return Flight: <b>Pangea Airlines</b><br>]]>
            </line>
            <line>
              <![CDATA[Payment page is displayed to the user<br>]]>
            </line>
            <line>
              <![CDATA[Flight confirmation details are displayed to the user]]>
            </line>
          </reporter-output>
        </test-method> <!-- roundTrip -->
        <test-method status="PASS" signature="closeBrowser()[pri:0, instance:com.selenium.po.RoundTrip@43a0cee9]" name="closeBrowser" is-config="true" duration-ms="1322" started-at="2018-07-26T13:08:40Z" finished-at="2018-07-26T13:08:41Z">
          <reporter-output>
          </reporter-output>
        </test-method> <!-- closeBrowser -->
        <test-method status="PASS" signature="openTestReport()[pri:0, instance:com.selenium.po.RoundTrip@43a0cee9]" name="openTestReport" is-config="true" duration-ms="653" started-at="2018-07-26T13:08:41Z" finished-at="2018-07-26T13:08:42Z">
          <reporter-output>
          </reporter-output>
        </test-method> <!-- openTestReport -->
      </class> <!-- com.selenium.po.RoundTrip -->
    </test> <!-- To validate if user is successfully able to book round trip -->
  </suite> <!-- New Tours Scenarios -->
</testng-results>
